0 info it worked if it ends with ok
1 verbose cli [ '/usr/local/bin/node', '/usr/local/bin/npm', 'start' ]
2 info using npm@3.9.1
3 info using node@v6.1.0
4 verbose run-script [ 'prestart', 'start', 'poststart' ]
5 info lifecycle juliusjs-dev@0.0.0~prestart: juliusjs-dev@0.0.0
6 verbose lifecycle juliusjs-dev@0.0.0~prestart: unsafe-perm in lifecycle true
7 verbose lifecycle juliusjs-dev@0.0.0~prestart: PATH: /usr/local/lib/node_modules/npm/bin/node-gyp-bin:/Users/liuwen/Documents/workspace/NodeJs/juliusjs/juliusjs/node_modules/.bin:/usr/local/bin:/Users/liuwen/torch/install/bin:/usr/local/maven/maven3.3.3/bin:/Library/Frameworks/Python.framework/Versions/2.7/bin:/Library/Frameworks/Python.framework/Versions/2.7/bin:.:/Users/liuwen/Documents/software/phantomjs-2.1.1-macosx/bin:/usr/local/bin:/usr/bin:/bin:/usr/sbin:/sbin:/Library/Frameworks/Python.framework/Versions/2.7/bin:/bin:/Users/liuwen/Documents/software/scala-2.10.4/bin:/Users/liuwen/Documents/software/spark/spark-1.3.0-bin-hadoop2.4/bin:/usr/local/mysql/bin:/usr/local/homebrew/bin
8 verbose lifecycle juliusjs-dev@0.0.0~prestart: CWD: /Users/liuwen/Documents/workspace/NodeJs/juliusjs/juliusjs
9 silly lifecycle juliusjs-dev@0.0.0~prestart: Args: [ '-c', 'npm i' ]
10 silly lifecycle juliusjs-dev@0.0.0~prestart: Returned: code: 1  signal: null
11 info lifecycle juliusjs-dev@0.0.0~prestart: Failed to exec prestart script
12 verbose stack Error: juliusjs-dev@0.0.0 prestart: `npm i`
12 verbose stack Exit status 1
12 verbose stack     at EventEmitter.<anonymous> (/usr/local/lib/node_modules/npm/lib/utils/lifecycle.js:245:16)
12 verbose stack     at emitTwo (events.js:106:13)
12 verbose stack     at EventEmitter.emit (events.js:191:7)
12 verbose stack     at ChildProcess.<anonymous> (/usr/local/lib/node_modules/npm/lib/utils/spawn.js:24:14)
12 verbose stack     at emitTwo (events.js:106:13)
12 verbose stack     at ChildProcess.emit (events.js:191:7)
12 verbose stack     at maybeClose (internal/child_process.js:850:16)
12 verbose stack     at Process.ChildProcess._handle.onexit (internal/child_process.js:215:5)
13 verbose pkgid juliusjs-dev@0.0.0
14 verbose cwd /Users/liuwen/Documents/workspace/NodeJs/juliusjs/juliusjs
15 error Darwin 15.5.0
16 error argv "/usr/local/bin/node" "/usr/local/bin/npm" "start"
17 error node v6.1.0
18 error npm  v3.9.1
19 error code ELIFECYCLE
20 error juliusjs-dev@0.0.0 prestart: `npm i`
20 error Exit status 1
21 error Failed at the juliusjs-dev@0.0.0 prestart script 'npm i'.
21 error Make sure you have the latest version of node.js and npm installed.
21 error If you do, this is most likely a problem with the juliusjs-dev package,
21 error not with npm itself.
21 error Tell the author that this fails on your system:
21 error     npm i
21 error You can get information on how to open an issue for this project with:
21 error     npm bugs juliusjs-dev
21 error Or if that isn't available, you can get their info via:
21 error     npm owner ls juliusjs-dev
21 error There is likely additional logging output above.
22 verbose exit [ 1, true ]
